<?xml version="1.0" encoding="UTF-8"?>
<testsuite xmlns:xsi="http://www.w3.org/2001/XMLSchema-instance" xsi:noNamespaceSchemaLocation="https://maven.apache.org/surefire/maven-surefire-plugin/xsd/surefire-test-report.xsd" name="com.amigoscode.customer.CustomerJDBCDataAccessServiceTest" time="135.269" tests="13" errors="0" skipped="0" failures="0">
  <properties>
[...]
</properties>
  <testcase name="selectAllCustomers" classname="com.amigoscode.customer.CustomerJDBCDataAccessServiceTest" time="1.584"/>
  <testcase name="willUpdateAllPropertiesCustomer" classname="com.amigoscode.customer.CustomerJDBCDataAccessServiceTest" time="0.217"/>
  <testcase name="deleteCustomerById" classname="com.amigoscode.customer.CustomerJDBCDataAccessServiceTest" time="0.167"/>
  <testcase name="existsPersonWithIdWillReturnFalseWhenIdNotPresent" classname="com.amigoscode.customer.CustomerJDBCDataAccessServiceTest" time="0.35"/>
  <testcase name="updateCustomerName" classname="com.amigoscode.customer.CustomerJDBCDataAccessServiceTest" time="0.113"/>
  <testcase name="existsPersonWithEmail" classname="com.amigoscode.customer.CustomerJDBCDataAccessServiceTest" time="0.101"/>
  <testcase name="willNotUpdateWhenNothingToUpdate" classname="com.amigoscode.customer.CustomerJDBCDataAccessServiceTest" time="0.164"/>
  <testcase name="updateCustomerAge" classname="com.amigoscode.customer.CustomerJDBCDataAccessServiceTest" time="0.265"/>
  <testcase name="existsPersonWithEmailReturnsFalseWhenDoesNotExists" classname="com.amigoscode.customer.CustomerJDBCDataAccessServiceTest" time="0.306"/>
  <testcase name="selectCustomerById" classname="com.amigoscode.customer.CustomerJDBCDataAccessServiceTest" time="0.279"/>
  <testcase name="willReturnEmptyWhenSelectCustomerById" classname="com.amigoscode.customer.CustomerJDBCDataAccessServiceTest" time="0.196"/>
  <testcase name="existsCustomerWithId" classname="com.amigoscode.customer.CustomerJDBCDataAccessServiceTest" time="0.324"/>
  <testcase name="updateCustomerEmail" classname="com.amigoscode.customer.CustomerJDBCDataAccessServiceTest" time="0.379"/>
</testsuite>